c:\dev\avalonengine\avalon\thirdparty\yaml_cpp\intermediate\debug-windows-x86_64\yaml_cpp\emitter.obj
c:\dev\avalonengine\avalon\thirdparty\yaml_cpp\intermediate\debug-windows-x86_64\yaml_cpp\simplekey.obj
c:\dev\avalonengine\avalon\thirdparty\yaml_cpp\intermediate\debug-windows-x86_64\yaml_cpp\depthguard.obj
c:\dev\avalonengine\avalon\thirdparty\yaml_cpp\intermediate\debug-windows-x86_64\yaml_cpp\parser.obj
c:\dev\avalonengine\avalon\thirdparty\yaml_cpp\intermediate\debug-windows-x86_64\yaml_cpp\graphbuilder.obj
c:\dev\avalonengine\avalon\thirdparty\yaml_cpp\intermediate\debug-windows-x86_64\yaml_cpp\parse.obj
c:\dev\avalonengine\avalon\thirdparty\yaml_cpp\intermediate\debug-windows-x86_64\yaml_cpp\exceptions.obj
c:\dev\avalonengine\avalon\thirdparty\yaml_cpp\intermediate\debug-windows-x86_64\yaml_cpp\regex_yaml.obj
c:\dev\avalonengine\avalon\thirdparty\yaml_cpp\intermediate\debug-windows-x86_64\yaml_cpp\exp.obj
c:\dev\avalonengine\avalon\thirdparty\yaml_cpp\intermediate\debug-windows-x86_64\yaml_cpp\scantag.obj
c:\dev\avalonengine\avalon\thirdparty\yaml_cpp\intermediate\debug-windows-x86_64\yaml_cpp\directives.obj
c:\dev\avalonengine\avalon\thirdparty\yaml_cpp\intermediate\debug-windows-x86_64\yaml_cpp\nodeevents.obj
c:\dev\avalonengine\avalon\thirdparty\yaml_cpp\intermediate\debug-windows-x86_64\yaml_cpp\emitterutils.obj
c:\dev\avalonengine\avalon\thirdparty\yaml_cpp\intermediate\debug-windows-x86_64\yaml_cpp\singledocparser.obj
c:\dev\avalonengine\avalon\thirdparty\yaml_cpp\intermediate\debug-windows-x86_64\yaml_cpp\emitterstate.obj
c:\dev\avalonengine\avalon\thirdparty\yaml_cpp\intermediate\debug-windows-x86_64\yaml_cpp\scanner.obj
c:\dev\avalonengine\avalon\thirdparty\yaml_cpp\intermediate\debug-windows-x86_64\yaml_cpp\emit.obj
c:\dev\avalonengine\avalon\thirdparty\yaml_cpp\intermediate\debug-windows-x86_64\yaml_cpp\scantoken.obj
c:\dev\avalonengine\avalon\thirdparty\yaml_cpp\intermediate\debug-windows-x86_64\yaml_cpp\graphbuilderadapter.obj
c:\dev\avalonengine\avalon\thirdparty\yaml_cpp\intermediate\debug-windows-x86_64\yaml_cpp\null.obj
c:\dev\avalonengine\avalon\thirdparty\yaml_cpp\intermediate\debug-windows-x86_64\yaml_cpp\tag.obj
c:\dev\avalonengine\avalon\thirdparty\yaml_cpp\intermediate\debug-windows-x86_64\yaml_cpp\node_data.obj
c:\dev\avalonengine\avalon\thirdparty\yaml_cpp\intermediate\debug-windows-x86_64\yaml_cpp\convert.obj
c:\dev\avalonengine\avalon\thirdparty\yaml_cpp\intermediate\debug-windows-x86_64\yaml_cpp\memory.obj
c:\dev\avalonengine\avalon\thirdparty\yaml_cpp\intermediate\debug-windows-x86_64\yaml_cpp\scanscalar.obj
c:\dev\avalonengine\avalon\thirdparty\yaml_cpp\intermediate\debug-windows-x86_64\yaml_cpp\node.obj
c:\dev\avalonengine\avalon\thirdparty\yaml_cpp\intermediate\debug-windows-x86_64\yaml_cpp\ostream_wrapper.obj
c:\dev\avalonengine\avalon\thirdparty\yaml_cpp\intermediate\debug-windows-x86_64\yaml_cpp\emitfromevents.obj
c:\dev\avalonengine\avalon\thirdparty\yaml_cpp\intermediate\debug-windows-x86_64\yaml_cpp\stream.obj
c:\dev\avalonengine\avalon\thirdparty\yaml_cpp\intermediate\debug-windows-x86_64\yaml_cpp\binary.obj
c:\dev\avalonengine\avalon\thirdparty\yaml_cpp\intermediate\debug-windows-x86_64\yaml_cpp\nodebuilder.obj
c:\dev\avalonengine\avalon\thirdparty\yaml_cpp\bin\debug-windows-x86_64\yaml_cpp\yaml_cpp.pdb
c:\dev\avalonengine\avalon\thirdparty\yaml_cpp\bin\debug-windows-x86_64\yaml_cpp\yaml_cpp.lib
c:\dev\avalonengine\avalon\thirdparty\yaml_cpp\intermediate\debug-windows-x86_64\yaml_cpp\yaml_cpp.tlog\cl.10296.write.1.tlog
c:\dev\avalonengine\avalon\thirdparty\yaml_cpp\intermediate\debug-windows-x86_64\yaml_cpp\yaml_cpp.tlog\cl.command.1.tlog
c:\dev\avalonengine\avalon\thirdparty\yaml_cpp\intermediate\debug-windows-x86_64\yaml_cpp\yaml_cpp.tlog\cl.read.1.tlog
c:\dev\avalonengine\avalon\thirdparty\yaml_cpp\intermediate\debug-windows-x86_64\yaml_cpp\yaml_cpp.tlog\lib-link.read.1.tlog
c:\dev\avalonengine\avalon\thirdparty\yaml_cpp\intermediate\debug-windows-x86_64\yaml_cpp\yaml_cpp.tlog\lib-link.write.1.tlog
c:\dev\avalonengine\avalon\thirdparty\yaml_cpp\intermediate\debug-windows-x86_64\yaml_cpp\yaml_cpp.tlog\lib.command.1.tlog
